Log file open, 04/24/20 17:25:13
LogWindows: Failed to load 'aqProf.dll' (GetLastError=126)
LogWindows: File 'aqProf.dll' does not exist
LogWindows: Failed to load 'VtuneApi.dll' (GetLastError=126)
LogWindows: File 'VtuneApi.dll' does not exist
LogWindows: Failed to load 'VtuneApi32e.dll' (GetLastError=126)
LogWindows: File 'VtuneApi32e.dll' does not exist
LogConsoleResponse: Display: Failed to find resolution value strings in scalability ini. Falling back to default.
LogInit: Display: Running engine for game: U51TW
LogPlatformFile: Not using cached read wrapper
LogTaskGraph: Started task graph with 5 named threads and 11 total threads with 3 sets of task threads.
LogStats: Stats thread started at 0.154852
LogD3D11RHI: Loaded GFSDK_Aftermath_Lib.x64.dll
LogICUInternationalization: ICU TimeZone Detection - Raw Offset: +0:00, Platform Override: ''
LogPluginManager: Mounting plugin Paper2D
LogPluginManager: Mounting plugin AISupport
LogPluginManager: Mounting plugin LightPropagationVolume
LogPluginManager: Mounting plugin ActorLayerUtilities
LogPluginManager: Mounting plugin AnimationSharing
LogPluginManager: Mounting plugin CLionSourceCodeAccess
LogPluginManager: Mounting plugin CodeLiteSourceCodeAccess
LogPluginManager: Mounting plugin GitSourceControl
LogPluginManager: Mounting plugin KDevelopSourceCodeAccess
LogPluginManager: Mounting plugin NullSourceCodeAccess
LogPluginManager: Mounting plugin PerforceSourceControl
LogPluginManager: Mounting plugin PlasticSourceControl
LogPluginManager: Mounting plugin SubversionSourceControl
LogPluginManager: Mounting plugin UObjectPlugin
LogPluginManager: Mounting plugin VisualStudioCodeSourceCodeAccess
LogPluginManager: Mounting plugin VisualStudioSourceCodeAccess
LogPluginManager: Mounting plugin XCodeSourceCodeAccess
LogPluginManager: Mounting plugin AssetManagerEditor
LogPluginManager: Mounting plugin CryptoKeys
LogPluginManager: Mounting plugin CurveEditorTools
LogPluginManager: Mounting plugin DataValidation
LogPluginManager: Mounting plugin FacialAnimation
LogPluginManager: Mounting plugin GameplayTagsEditor
LogPluginManager: Mounting plugin MacGraphicsSwitching
LogPluginManager: Mounting plugin MaterialAnalyzer
LogPluginManager: Mounting plugin MobileLauncherProfileWizard
LogPluginManager: Mounting plugin PluginBrowser
LogPluginManager: Mounting plugin SpeedTreeImporter
LogPluginManager: Mounting plugin DatasmithContent
LogPluginManager: Mounting plugin VariantManagerContent
LogPluginManager: Mounting plugin AlembicImporter
LogPluginManager: Mounting plugin AutomationUtils
LogPluginManager: Mounting plugin BackChannel
LogPluginManager: Mounting plugin CharacterAI
LogPluginManager: Mounting plugin GeometryCache
LogPluginManager: Mounting plugin PlatformCrypto
LogPluginManager: Mounting plugin ProxyLODPlugin
LogPluginManager: Mounting plugin SkeletalReduction
LogPluginManager: Mounting plugin MagicLeap
LogPluginManager: Mounting plugin MagicLeapMedia
LogPluginManager: Mounting plugin MLSDK
LogPluginManager: Mounting plugin AndroidMedia
LogPluginManager: Mounting plugin AvfMedia
LogPluginManager: Mounting plugin ImgMedia
LogPluginManager: Mounting plugin MediaCompositing
LogPluginManager: Mounting plugin MediaPlayerEditor
LogPluginManager: Mounting plugin WebMMedia
LogPluginManager: Mounting plugin WmfMedia
LogPluginManager: Mounting plugin TcpMessaging
LogPluginManager: Mounting plugin UdpMessaging
LogPluginManager: Mounting plugin ActorSequence
LogPluginManager: Mounting plugin LevelSequenceEditor
LogPluginManager: Mounting plugin MatineeToLevelSequence
LogPluginManager: Mounting plugin NetcodeUnitTest
LogPluginManager: Mounting plugin NUTUnrealEngine4
LogPluginManager: Mounting plugin OnlineSubsystemGooglePlay
LogPluginManager: Mounting plugin OnlineSubsystemIOS
LogPluginManager: Mounting plugin OnlineSubsystem
LogPluginManager: Mounting plugin OnlineSubsystemNull
LogPluginManager: Mounting plugin OnlineSubsystemUtils
LogPluginManager: Mounting plugin LauncherChunkInstaller
LogPluginManager: Mounting plugin AndroidDeviceProfileSelector
LogPluginManager: Mounting plugin AndroidMoviePlayer
LogPluginManager: Mounting plugin AndroidPermission
LogPluginManager: Mounting plugin ApexDestruction
LogPluginManager: Mounting plugin AppleImageUtils
LogPluginManager: Mounting plugin AppleMoviePlayer
LogPluginManager: Mounting plugin ArchVisCharacter
LogPluginManager: Mounting plugin AssetTags
LogPluginManager: Mounting plugin AudioCapture
LogPluginManager: Mounting plugin CableComponent
LogPluginManager: Mounting plugin CustomMeshComponent
LogPluginManager: Mounting plugin EditableMesh
LogPluginManager: Mounting plugin ExampleDeviceProfileSelector
LogPluginManager: Mounting plugin GoogleCloudMessaging
LogPluginManager: Mounting plugin IOSDeviceProfileSelector
LogPluginManager: Mounting plugin LinuxDeviceProfileSelector
LogPluginManager: Mounting plugin LocationServicesBPLibrary
LogPluginManager: Mounting plugin MobilePatchingUtils
LogPluginManager: Mounting plugin OculusVR
LogPluginManager: Mounting plugin PhysXVehicles
LogPluginManager: Mounting plugin PostSplashScreen
LogPluginManager: Mounting plugin ProceduralMeshComponent
LogPluginManager: Mounting plugin RuntimePhysXCooking
LogPluginManager: Mounting plugin SignificanceManager
LogPluginManager: Mounting plugin SteamVR
LogPluginManager: Mounting plugin WebMMoviePlayer
LogPluginManager: Mounting plugin WindowsMoviePlayer
LogPluginManager: Mounting plugin ScreenshotTools
LogInit: Using libcurl 7.55.1-DEV
LogInit:  - built for x86_64-pc-win32
LogInit:  - supports SSL with OpenSSL/1.1.1
LogInit:  - supports HTTP deflate (compression) using libz 1.2.8
LogInit:  - other features:
LogInit:      CURL_VERSION_SSL
LogInit:      CURL_VERSION_LIBZ
LogInit:      CURL_VERSION_IPV6
LogInit:      CURL_VERSION_ASYNCHDNS
LogInit:      CURL_VERSION_LARGEFILE
LogInit:      CURL_VERSION_IDN
LogInit:  CurlRequestOptions (configurable via config and command line):
LogInit:  - bVerifyPeer = true  - Libcurl will verify peer certificate
LogInit:  - bUseHttpProxy = false  - Libcurl will NOT use HTTP proxy
LogInit:  - bDontReuseConnections = false  - Libcurl will reuse connections
LogInit:  - MaxHostConnections = 16  - Libcurl will limit the number of connections to a host
LogInit:  - LocalHostAddr = Default
LogInit:  - BufferSize = 65536
LogOnline: OSS: Creating online subsystem instance for: NULL
LogInit: WinSock: version 1.1 (2.2), MaxSocks=32767, MaxUdp=65467
LogOnline: OSS: TryLoadSubsystemAndSetDefault: Loaded subsystem for module [NULL]
LogInit: Build: ++UE4+Release-4.24-CL-11590370
LogInit: Engine Version: 4.24.3-11590370+++UE4+Release-4.24
LogInit: Compatible Engine Version: 4.24.0-10570792+++UE4+Release-4.24
LogInit: Net CL: 10570792
LogInit: OS: Windows 10 (Release 1607) (), CPU: Intel(R) Core(TM) i7-4510U CPU @ 2.00GHz, GPU: Intel(R) HD Graphics Family
LogInit: Compiled (64-bit): Feb 24 2020 15:39:18
LogInit: Compiled with Visual C++: 19.16.27032.01
LogInit: Build Configuration: Development
LogInit: Branch Name: ++UE4+Release-4.24
LogInit: Command Line: 
LogInit: Base Directory: E:/Epic Games/UE_4.24/Engine/Binaries/Win64/
LogInit: Installed Engine Build: 1
LogDevObjectVersion: Number of dev versions registered: 25
LogDevObjectVersion:   Dev-Blueprints (B0D832E4-1F89-4F0D-ACCF-7EB736FD4AA2): 10
LogDevObjectVersion:   Dev-Build (E1C64328-A22C-4D53-A36C-8E866417BD8C): 0
LogDevObjectVersion:   Dev-Core (375EC13C-06E4-48FB-B500-84F0262A717E): 3
LogDevObjectVersion:   Dev-Editor (E4B068ED-F494-42E9-A231-DA0B2E46BB41): 37
LogDevObjectVersion:   Dev-Framework (CFFC743F-43B0-4480-9391-14DF171D2073): 36
LogDevObjectVersion:   Dev-Mobile (B02B49B5-BB20-44E9-A304-32B752E40360): 2
LogDevObjectVersion:   Dev-Networking (A4E4105C-59A1-49B5-A7C5-40C4547EDFEE): 0
LogDevObjectVersion:   Dev-Online (39C831C9-5AE6-47DC-9A44-9C173E1C8E7C): 0
LogDevObjectVersion:   Dev-Physics (78F01B33-EBEA-4F98-B9B4-84EACCB95AA2): 2
LogDevObjectVersion:   Dev-Platform (6631380F-2D4D-43E0-8009-CF276956A95A): 0
LogDevObjectVersion:   Dev-Rendering (12F88B9F-8875-4AFC-A67C-D90C383ABD29): 36
LogDevObjectVersion:   Dev-Sequencer (7B5AE74C-D270-4C10-A958-57980B212A5A): 11
LogDevObjectVersion:   Dev-VR (D7296918-1DD6-4BDD-9DE2-64A83CC13884): 2
LogDevObjectVersion:   Dev-LoadTimes (C2A15278-BFE7-4AFE-6C17-90FF531DF755): 1
LogDevObjectVersion:   Private-Geometry (6EACA3D4-40EC-4CC1-B786-8BED09428FC5): 3
LogDevObjectVersion:   Dev-AnimPhys (29E575DD-E0A3-4627-9D10-D276232CDCEA): 17
LogDevObjectVersion:   Dev-Anim (AF43A65D-7FD3-4947-9873-3E8ED9C1BB05): 2
LogDevObjectVersion:   Dev-ReflectionCapture (6B266CEC-1EC7-4B8F-A30B-E4D90942FC07): 1
LogDevObjectVersion:   Dev-Automation (0DF73D61-A23F-47EA-B727-89E90C41499A): 1
LogDevObjectVersion:   FortniteMain (601D1886-AC64-4F84-AA16-D3DE0DEAC7D6): 31
LogDevObjectVersion:   Dev-Enterprise (9DFFBCD6-494F-0158-E221-12823C92A888): 8
LogDevObjectVersion:   Dev-Niagara (F2AED0AC-9AFE-416F-8664-AA7FFA26D6FC): 1
LogDevObjectVersion:   Dev-Destruction (174F1F0B-B4C6-45A5-B13F-2EE8D0FB917D): 9
LogDevObjectVersion:   Dev-Physics-Ext (35F94A83-E258-406C-A318-09F59610247C): 8
LogDevObjectVersion:   Dev-CineCamera (B2E18506-4273-CFC2-A54E-F4BB758BBA07): 1
LogInit: Presizing for max 25165824 objects, including 0 objects not considered by GC, pre-allocating 0 bytes for permanent pool.
LogInit: Object subsystem initialized
LogConfig: Setting CVar [[con.DebugEarlyDefault:1]]
LogConfig: Setting CVar [[r.setres:1280x720]]
[2020.04.24-16.25.14:558][  0]LogConfig: Setting CVar [[r.VSync:0]]
[2020.04.24-16.25.14:558][  0]LogConfig: Setting CVar [[r.RHICmdBypass:0]]
[2020.04.24-16.25.14:558][  0]LogConfig: Applying CVar settings from Section [/Script/Engine.RendererSettings] File [E:/Project/U51-TW_New/Saved/Config/Windows/Engine.ini]
[2020.04.24-16.25.14:559][  0]LogConfig: Setting CVar [[r.GPUCrashDebugging:0]]
[2020.04.24-16.25.14:559][  0]LogConfig: Applying CVar settings from Section [/Script/Engine.RendererOverrideSettings] File [E:/Project/U51-TW_New/Saved/Config/Windows/Engine.ini]
[2020.04.24-16.25.14:559][  0]LogConfig: Applying CVar settings from Section [/Script/Engine.StreamingSettings] File [E:/Project/U51-TW_New/Saved/Config/Windows/Engine.ini]
[2020.04.24-16.25.14:559][  0]LogConfig: Setting CVar [[s.MinBulkDataSizeForAsyncLoading:131072]]
[2020.04.24-16.25.14:559][  0]LogConfig: Setting CVar [[s.AsyncLoadingThreadEnabled:0]]
[2020.04.24-16.25.14:559][  0]LogConfig: Setting CVar [[s.EventDrivenLoaderEnabled:1]]
[2020.04.24-16.25.14:559][  0]LogConfig: Setting CVar [[s.WarnIfTimeLimitExceeded:0]]
[2020.04.24-16.25.14:559][  0]LogConfig: Setting CVar [[s.TimeLimitExceededMultiplier:1.5]]
[2020.04.24-16.25.14:559][  0]LogConfig: Setting CVar [[s.TimeLimitExceededMinTime:0.005]]
[2020.04.24-16.25.14:559][  0]LogConfig: Setting CVar [[s.UseBackgroundLevelStreaming:1]]
[2020.04.24-16.25.14:559][  0]LogConfig: Setting CVar [[s.PriorityAsyncLoadingExtraTime:15.0]]
[2020.04.24-16.25.14:559][  0]LogConfig: Setting CVar [[s.LevelStreamingActorsUpdateTimeLimit:5.0]]
[2020.04.24-16.25.14:559][  0]LogConfig: Setting CVar [[s.PriorityLevelStreamingActorsUpdateExtraTime:5.0]]
[2020.04.24-16.25.14:559][  0]LogConfig: Setting CVar [[s.LevelStreamingComponentsRegistrationGranularity:10]]
[2020.04.24-16.25.14:559][  0]LogConfig: Setting CVar [[s.UnregisterComponentsTimeLimit:1.0]]
[2020.04.24-16.25.14:559][  0]LogConfig: Setting CVar [[s.LevelStreamingComponentsUnregistrationGranularity:5]]
[2020.04.24-16.25.14:559][  0]LogConfig: Setting CVar [[s.FlushStreamingOnExit:1]]
[2020.04.24-16.25.14:559][  0]LogConfig: Applying CVar settings from Section [/Script/Engine.GarbageCollectionSettings] File [E:/Project/U51-TW_New/Saved/Config/Windows/Engine.ini]
[2020.04.24-16.25.14:559][  0]LogConfig: Setting CVar [[gc.MaxObjectsNotConsideredByGC:1]]
[2020.04.24-16.25.14:559][  0]LogConfig: Setting CVar [[gc.SizeOfPermanentObjectPool:0]]
[2020.04.24-16.25.14:559][  0]LogConfig: Setting CVar [[gc.FlushStreamingOnGC:0]]
[2020.04.24-16.25.14:559][  0]LogConfig: Setting CVar [[gc.NumRetriesBeforeForcingGC:10]]
[2020.04.24-16.25.14:559][  0]LogConfig: Setting CVar [[gc.AllowParallelGC:1]]
[2020.04.24-16.25.14:559][  0]LogConfig: Setting CVar [[gc.TimeBetweenPurgingPendingKillObjects:61.1]]
[2020.04.24-16.25.14:559][  0]LogConfig: Setting CVar [[gc.MaxObjectsInEditor:25165824]]
[2020.04.24-16.25.14:559][  0]LogConfig: Setting CVar [[gc.IncrementalBeginDestroyEnabled:1]]
[2020.04.24-16.25.14:559][  0]LogConfig: Setting CVar [[gc.CreateGCClusters:1]]
[2020.04.24-16.25.14:559][  0]LogConfig: Setting CVar [[gc.MinGCClusterSize:5]]
[2020.04.24-16.25.14:559][  0]LogConfig: Setting CVar [[gc.ActorClusteringEnabled:0]]
[2020.04.24-16.25.14:559][  0]LogConfig: Setting CVar [[gc.BlueprintClusteringEnabled:0]]
[2020.04.24-16.25.14:559][  0]LogConfig: Setting CVar [[gc.UseDisregardForGCOnDedicatedServers:0]]
[2020.04.24-16.25.14:559][  0]LogConfig: Applying CVar settings from Section [/Script/Engine.NetworkSettings] File [E:/Project/U51-TW_New/Saved/Config/Windows/Engine.ini]
[2020.04.24-16.25.14:559][  0]LogConfig: Applying CVar settings from Section [/Script/UnrealEd.CookerSettings] File [E:/Project/U51-TW_New/Saved/Config/Windows/Engine.ini]
[2020.04.24-16.25.14:565][  0]LogConfig: Applying CVar settings from Section [ViewDistanceQuality@3] File [E:/Project/U51-TW_New/Saved/Config/Windows/Scalability.ini]
[2020.04.24-16.25.14:565][  0]LogConfig: Setting CVar [[r.SkeletalMeshLODBias:0]]
[2020.04.24-16.25.14:565][  0]LogConfig: Setting CVar [[r.ViewDistanceScale:1.0]]
[2020.04.24-16.25.14:565][  0]LogConfig: Applying CVar settings from Section [AntiAliasingQuality@3] File [E:/Project/U51-TW_New/Saved/Config/Windows/Scalability.ini]
[2020.04.24-16.25.14:565][  0]LogConfig: Setting CVar [[r.PostProcessAAQuality:4]]
[2020.04.24-16.25.14:565][  0]LogConfig: Applying CVar settings from Section [ShadowQuality@3] File [E:/Project/U51-TW_New/Saved/Config/Windows/Scalability.ini]
[2020.04.24-16.25.14:565][  0]LogConfig: Setting CVar [[r.LightFunctionQuality:1]]
[2020.04.24-16.25.14:565][  0]LogConfig: Setting CVar [[r.ShadowQuality:5]]
[2020.04.24-16.25.14:565][  0]LogConfig: Setting CVar [[r.Shadow.CSM.MaxCascades:10]]
[2020.04.24-16.25.14:565][  0]LogConfig: Setting CVar [[r.Shadow.MaxResolution:2048]]
[2020.04.24-16.25.14:565][  0]LogConfig: Setting CVar [[r.Shadow.MaxCSMResolution:2048]]
[2020.04.24-16.25.14:565][  0]LogConfig: Setting CVar [[r.Shadow.RadiusThreshold:0.01]]
[2020.04.24-16.25.14:565][  0]LogConfig: Setting CVar [[r.Shadow.DistanceScale:1.0]]
[2020.04.24-16.25.14:565][  0]LogConfig: Setting CVar [[r.Shadow.CSM.TransitionScale:1.0]]
[2020.04.24-16.25.14:565][  0]LogConfig: Setting CVar [[r.Shadow.PreShadowResolutionFactor:1.0]]
[2020.04.24-16.25.14:565][  0]LogConfig: Setting CVar [[r.DistanceFieldShadowing:1]]
[2020.04.24-16.25.14:565][  0]LogConfig: Setting CVar [[r.DistanceFieldAO:1]]
[2020.04.24-16.25.14:565][  0]LogConfig: Setting CVar [[r.AOQuality:2]]
[2020.04.24-16.25.14:565][  0]LogConfig: Setting CVar [[r.VolumetricFog:1]]
[2020.04.24-16.25.14:565][  0]LogConfig: Setting CVar [[r.VolumetricFog.GridPixelSize:8]]
[2020.04.24-16.25.14:565][  0]LogConfig: Setting CVar [[r.VolumetricFog.GridSizeZ:128]]
[2020.04.24-16.25.14:565][  0]LogConfig: Setting CVar [[r.VolumetricFog.HistoryMissSupersampleCount:4]]
[2020.04.24-16.25.14:565][  0]LogConfig: Setting CVar [[r.LightMaxDrawDistanceScale:1]]
[2020.04.24-16.25.14:565][  0]LogConfig: Setting CVar [[r.CapsuleShadows:1]]
[2020.04.24-16.25.14:565][  0]LogConfig: Applying CVar settings from Section [PostProcessQuality@3] File [E:/Project/U51-TW_New/Saved/Config/Windows/Scalability.ini]
[2020.04.24-16.25.14:565][  0]LogConfig: Setting CVar [[r.MotionBlurQuality:4]]
[2020.04.24-16.25.14:565][  0]LogConfig: Setting CVar [[r.AmbientOcclusionMipLevelFactor:0.4]]
[2020.04.24-16.25.14:565][  0]LogConfig: Setting CVar [[r.AmbientOcclusionMaxQuality:100]]
[2020.04.24-16.25.14:565][  0]LogConfig: Setting CVar [[r.AmbientOcclusionLevels:-1]]
[2020.04.24-16.25.14:566][  0]LogConfig: Setting CVar [[r.AmbientOcclusionRadiusScale:1.0]]
[2020.04.24-16.25.14:566][  0]LogConfig: Setting CVar [[r.DepthOfFieldQuality:2]]
[2020.04.24-16.25.14:566][  0]LogConfig: Setting CVar [[r.RenderTargetPoolMin:400]]
[2020.04.24-16.25.14:566][  0]LogConfig: Setting CVar [[r.LensFlareQuality:2]]
[2020.04.24-16.25.14:566][  0]LogConfig: Setting CVar [[r.SceneColorFringeQuality:1]]
[2020.04.24-16.25.14:566][  0]LogConfig: Setting CVar [[r.EyeAdaptationQuality:2]]
[2020.04.24-16.25.14:566][  0]LogConfig: Setting CVar [[r.BloomQuality:5]]
[2020.04.24-16.25.14:566][  0]LogConfig: Setting CVar [[r.FastBlurThreshold:100]]
[2020.04.24-16.25.14:566][  0]LogConfig: Setting CVar [[r.Upscale.Quality:3]]
[2020.04.24-16.25.14:566][  0]LogConfig: Setting CVar [[r.Tonemapper.GrainQuantization:1]]
[2020.04.24-16.25.14:566][  0]LogConfig: Setting CVar [[r.LightShaftQuality:1]]
[2020.04.24-16.25.14:566][  0]LogConfig: Setting CVar [[r.Filter.SizeScale:1]]
[2020.04.24-16.25.14:566][  0]LogConfig: Setting CVar [[r.Tonemapper.Quality:5]]
[2020.04.24-16.25.14:566][  0]LogConfig: Setting CVar [[r.DOF.Gather.AccumulatorQuality:1        ; higher gathering accumulator quality]]
[2020.04.24-16.25.14:566][  0]LogConfig: Setting CVar [[r.DOF.Gather.PostfilterMethod:1          ; Median3x3 postfilering method]]
[2020.04.24-16.25.14:566][  0]LogConfig: Setting CVar [[r.DOF.Gather.EnableBokehSettings:0       ; no bokeh simulation when gathering]]
[2020.04.24-16.25.14:566][  0]LogConfig: Setting CVar [[r.DOF.Gather.RingCount:4                 ; medium number of samples when gathering]]
[2020.04.24-16.25.14:566][  0]LogConfig: Setting CVar [[r.DOF.Scatter.ForegroundCompositing:1    ; additive foreground scattering]]
[2020.04.24-16.25.14:566][  0]LogConfig: Setting CVar [[r.DOF.Scatter.BackgroundCompositing:2    ; additive background scattering]]
[2020.04.24-16.25.14:566][  0]LogConfig: Setting CVar [[r.DOF.Scatter.EnableBokehSettings:1      ; bokeh simulation when scattering]]
[2020.04.24-16.25.14:566][  0]LogConfig: Setting CVar [[r.DOF.Scatter.MaxSpriteRatio:0.1         ; only a maximum of 10% of scattered bokeh]]
[2020.04.24-16.25.14:566][  0]LogConfig: Setting CVar [[r.DOF.Recombine.Quality:1                ; cheap slight out of focus]]
[2020.04.24-16.25.14:566][  0]LogConfig: Setting CVar [[r.DOF.Recombine.EnableBokehSettings:0    ; no bokeh simulation on slight out of focus]]
[2020.04.24-16.25.14:566][  0]LogConfig: Setting CVar [[r.DOF.TemporalAAQuality:1                ; more stable temporal accumulation]]
[2020.04.24-16.25.14:566][  0]LogConfig: Setting CVar [[r.DOF.Kernel.MaxForegroundRadius:0.025]]
[2020.04.24-16.25.14:566][  0]LogConfig: Setting CVar [[r.DOF.Kernel.MaxBackgroundRadius:0.025]]
[2020.04.24-16.25.14:566][  0]LogConfig: Applying CVar settings from Section [TextureQuality@3] File [E:/Project/U51-TW_New/Saved/Config/Windows/Scalability.ini]
[2020.04.24-16.25.14:566][  0]LogConfig: Setting CVar [[r.Streaming.MipBias:0]]
[2020.04.24-16.25.14:566][  0]LogConfig: Setting CVar [[r.Streaming.AmortizeCPUToGPUCopy:0]]
[2020.04.24-16.25.14:566][  0]LogConfig: Setting CVar [[r.Streaming.MaxNumTexturesToStreamPerFrame:0]]
[2020.04.24-16.25.14:566][  0]LogConfig: Setting CVar [[r.Streaming.Boost:1]]
[2020.04.24-16.25.14:566][  0]LogConfig: Setting CVar [[r.MaxAnisotropy:8]]
[2020.04.24-16.25.14:566][  0]LogConfig: Setting CVar [[r.VT.MaxAnisotropy:8]]
[2020.04.24-16.25.14:566][  0]LogConfig: Setting CVar [[r.Streaming.LimitPoolSizeToVRAM:0]]
[2020.04.24-16.25.14:566][  0]LogConfig: Setting CVar [[r.Streaming.PoolSize:1000]]
[2020.04.24-16.25.14:566][  0]LogConfig: Setting CVar [[r.Streaming.MaxEffectiveScreenSize:0]]
[2020.04.24-16.25.14:566][  0]LogConfig: Applying CVar settings from Section [EffectsQuality@3] File [E:/Project/U51-TW_New/Saved/Config/Windows/Scalability.ini]
[2020.04.24-16.25.14:566][  0]LogConfig: Setting CVar [[r.TranslucencyLightingVolumeDim:64]]
[2020.04.24-16.25.14:566][  0]LogConfig: Setting CVar [[r.RefractionQuality:2]]
[2020.04.24-16.25.14:566][  0]LogConfig: Setting CVar [[r.SSR.Quality:3]]
[2020.04.24-16.25.14:566][  0]LogConfig: Setting CVar [[r.SSR.HalfResSceneColor:0]]
[2020.04.24-16.25.14:566][  0]LogConfig: Setting CVar [[r.SceneColorFormat:4]]
[2020.04.24-16.25.14:566][  0]LogConfig: Setting CVar [[r.DetailMode:2]]
[2020.04.24-16.25.14:566][  0]LogConfig: Setting CVar [[r.TranslucencyVolumeBlur:1]]
[2020.04.24-16.25.14:566][  0]LogConfig: Setting CVar [[r.MaterialQualityLevel:1 ; High quality]]
[2020.04.24-16.25.14:566][  0]LogConfig: Setting CVar [[r.SSS.Scale:1]]
[2020.04.24-16.25.14:566][  0]LogConfig: Setting CVar [[r.SSS.SampleSet:2]]
[2020.04.24-16.25.14:566][  0]LogConfig: Setting CVar [[r.SSS.Quality:1]]
[2020.04.24-16.25.14:566][  0]LogConfig: Setting CVar [[r.SSS.HalfRes:1]]
[2020.04.24-16.25.14:566][  0]LogConfig: Setting CVar [[r.SSGI.Quality:3]]
[2020.04.24-16.25.14:566][  0]LogConfig: Setting CVar [[r.EmitterSpawnRateScale:1.0]]
[2020.04.24-16.25.14:566][  0]LogConfig: Setting CVar [[r.ParticleLightQuality:2]]
[2020.04.24-16.25.14:566][  0]LogConfig: Setting CVar [[r.SkyAtmosphere.AerialPerspectiveLUT.FastApplyOnOpaque:1 ; Always have FastSkyLUT 1 in this case to avoid wrong sky]]
[2020.04.24-16.25.14:566][  0]LogConfig: Setting CVar [[r.SkyAtmosphere.AerialPerspectiveLUT.SampleCountPerSlice:1]]
[2020.04.24-16.25.14:566][  0]LogConfig: Setting CVar [[r.SkyAtmosphere.AerialPerspectiveLUT.DepthResolution:16.0]]
[2020.04.24-16.25.14:566][  0]LogConfig: Setting CVar [[r.SkyAtmosphere.FastSkyLUT:1]]
[2020.04.24-16.25.14:566][  0]LogConfig: Setting CVar [[r.SkyAtmosphere.FastSkyLUT.SampleCountMin:4.0]]
[2020.04.24-16.25.14:566][  0]LogConfig: Setting CVar [[r.SkyAtmosphere.FastSkyLUT.SampleCountMax:32.0]]
[2020.04.24-16.25.14:566][  0]LogConfig: Setting CVar [[r.SkyAtmosphere.SampleCountMin:4.0]]
[2020.04.24-16.25.14:566][  0]LogConfig: Setting CVar [[r.SkyAtmosphere.SampleCountMax:32.0]]
[2020.04.24-16.25.14:566][  0]LogConfig: Setting CVar [[r.SkyAtmosphere.TransmittanceLUT.UseSmallFormat:0]]
[2020.04.24-16.25.14:566][  0]LogConfig: Setting CVar [[r.SkyAtmosphere.TransmittanceLUT.SampleCount:10.0]]
[2020.04.24-16.25.14:566][  0]LogConfig: Setting CVar [[r.SkyAtmosphere.MultiScatteringLUT.SampleCount:15.0]]
[2020.04.24-16.25.14:566][  0]LogConfig: Applying CVar settings from Section [FoliageQuality@3] File [E:/Project/U51-TW_New/Saved/Config/Windows/Scalability.ini]
[2020.04.24-16.25.14:566][  0]LogConfig: Setting CVar [[foliage.DensityScale:1.0]]
[2020.04.24-16.25.14:566][  0]LogConfig: Setting CVar [[grass.DensityScale:1.0]]
[2020.04.24-16.25.14:566][  0]LogConfig: Applying CVar settings from Section [ShadingQuality@3] File [E:/Project/U51-TW_New/Saved/Config/Windows/Scalability.ini]
[2020.04.24-16.25.14:566][  0]LogConfig: Setting CVar [[r.HairStrands.SkyLighting.SampleCount:16]]
[2020.04.24-16.25.14:566][  0]LogConfig: Setting CVar [[r.HairStrands.SkyLighting.JitterIntegration:0]]
[2020.04.24-16.25.14:566][  0]LogConfig: Setting CVar [[r.HairStrands.SkyAO.SampleCount:16]]
[2020.04.24-16.25.14:567][  0]LogInit: Selected Device Profile: [Windows]
[2020.04.24-16.25.14:567][  0]LogInit: Applying CVar settings loaded from the selected device profile: [Windows]
[2020.04.24-16.25.14:576][  0]LogHAL: Display: Platform has ~ 8 GB [8476975104 / 8589934592 / 8], which maps to Default [LargestMinGB=32, LargerMinGB=12, DefaultMinGB=8, SmallerMinGB=6, SmallestMinGB=0)
[2020.04.24-16.25.14:576][  0]LogInit: Going up to parent DeviceProfile []
[2020.04.24-16.25.14:576][  0]LogConfig: Applying CVar settings from Section [ViewDistanceQuality@3] File [E:/Project/U51-TW_New/Saved/Config/Windows/Scalability.ini]
[2020.04.24-16.25.14:576][  0]LogConfig: Setting CVar [[r.SkeletalMeshLODBias:0]]
[2020.04.24-16.25.14:576][  0]LogConfig: Setting CVar [[r.ViewDistanceScale:1.0]]
[2020.04.24-16.25.14:576][  0]LogConfig: Applying CVar settings from Section [AntiAliasingQuality@3] File [E:/Project/U51-TW_New/Saved/Config/Windows/Scalability.ini]
[2020.04.24-16.25.14:576][  0]LogConfig: Setting CVar [[r.PostProcessAAQuality:4]]
[2020.04.24-16.25.14:576][  0]LogConfig: Applying CVar settings from Section [ShadowQuality@3] File [E:/Project/U51-TW_New/Saved/Config/Windows/Scalability.ini]
[2020.04.24-16.25.14:576][  0]LogConfig: Setting CVar [[r.LightFunctionQuality:1]]
[2020.04.24-16.25.14:576][  0]LogConfig: Setting CVar [[r.ShadowQuality:5]]
[2020.04.24-16.25.14:576][  0]LogConfig: Setting CVar [[r.Shadow.CSM.MaxCascades:10]]
[2020.04.24-16.25.14:576][  0]LogConfig: Setting CVar [[r.Shadow.MaxResolution:2048]]
[2020.04.24-16.25.14:576][  0]LogConfig: Setting CVar [[r.Shadow.MaxCSMResolution:2048]]
[2020.04.24-16.25.14:576][  0]LogConfig: Setting CVar [[r.Shadow.RadiusThreshold:0.01]]
[2020.04.24-16.25.14:576][  0]LogConfig: Setting CVar [[r.Shadow.DistanceScale:1.0]]
[2020.04.24-16.25.14:576][  0]LogConfig: Setting CVar [[r.Shadow.CSM.TransitionScale:1.0]]
[2020.04.24-16.25.14:576][  0]LogConfig: Setting CVar [[r.Shadow.PreShadowResolutionFactor:1.0]]
[2020.04.24-16.25.14:576][  0]LogConfig: Setting CVar [[r.DistanceFieldShadowing:1]]
[2020.04.24-16.25.14:576][  0]LogConfig: Setting CVar [[r.DistanceFieldAO:1]]
[2020.04.24-16.25.14:576][  0]LogConfig: Setting CVar [[r.AOQuality:2]]
[2020.04.24-16.25.14:576][  0]LogConfig: Setting CVar [[r.VolumetricFog:1]]
[2020.04.24-16.25.14:576][  0]LogConfig: Setting CVar [[r.VolumetricFog.GridPixelSize:8]]
[2020.04.24-16.25.14:577][  0]LogConfig: Setting CVar [[r.VolumetricFog.GridSizeZ:128]]
[2020.04.24-16.25.14:577][  0]LogConfig: Setting CVar [[r.VolumetricFog.HistoryMissSupersampleCount:4]]
[2020.04.24-16.25.14:577][  0]LogConfig: Setting CVar [[r.LightMaxDrawDistanceScale:1]]
[2020.04.24-16.25.14:577][  0]LogConfig: Setting CVar [[r.CapsuleShadows:1]]
[2020.04.24-16.25.14:577][  0]LogConfig: Applying CVar settings from Section [PostProcessQuality@3] File [E:/Project/U51-TW_New/Saved/Config/Windows/Scalability.ini]
[2020.04.24-16.25.14:577][  0]LogConfig: Setting CVar [[r.MotionBlurQuality:4]]
[2020.04.24-16.25.14:577][  0]LogConfig: Setting CVar [[r.AmbientOcclusionMipLevelFactor:0.4]]
[2020.04.24-16.25.14:577][  0]LogConfig: Setting CVar [[r.AmbientOcclusionMaxQuality:100]]
[2020.04.24-16.25.14:577][  0]LogConfig: Setting CVar [[r.AmbientOcclusionLevels:-1]]
[2020.04.24-16.25.14:577][  0]LogConfig: Setting CVar [[r.AmbientOcclusionRadiusScale:1.0]]
[2020.04.24-16.25.14:577][  0]LogConfig: Setting CVar [[r.DepthOfFieldQuality:2]]
[2020.04.24-16.25.14:577][  0]LogConfig: Setting CVar [[r.RenderTargetPoolMin:400]]
[2020.04.24-16.25.14:577][  0]LogConfig: Setting CVar [[r.LensFlareQuality:2]]
[2020.04.24-16.25.14:577][  0]LogConfig: Setting CVar [[r.SceneColorFringeQuality:1]]
[2020.04.24-16.25.14:577][  0]LogConfig: Setting CVar [[r.EyeAdaptationQuality:2]]
[2020.04.24-16.25.14:577][  0]LogConfig: Setting CVar [[r.BloomQuality:5]]
[2020.04.24-16.25.14:577][  0]LogConfig: Setting CVar [[r.FastBlurThreshold:100]]
[2020.04.24-16.25.14:577][  0]LogConfig: Setting CVar [[r.Upscale.Quality:3]]
[2020.04.24-16.25.14:577][  0]LogConfig: Setting CVar [[r.Tonemapper.GrainQuantization:1]]
[2020.04.24-16.25.14:577][  0]LogConfig: Setting CVar [[r.LightShaftQuality:1]]
[2020.04.24-16.25.14:577][  0]LogConfig: Setting CVar [[r.Filter.SizeScale:1]]
[2020.04.24-16.25.14:577][  0]LogConfig: Setting CVar [[r.Tonemapper.Quality:5]]
[2020.04.24-16.25.14:577][  0]LogConfig: Setting CVar [[r.DOF.Gather.AccumulatorQuality:1        ; higher gathering accumulator quality]]
[2020.04.24-16.25.14:577][  0]LogConfig: Setting CVar [[r.DOF.Gather.PostfilterMethod:1          ; Median3x3 postfilering method]]
[2020.04.24-16.25.14:577][  0]LogConfig: Setting CVar [[r.DOF.Gather.EnableBokehSettings:0       ; no bokeh simulation when gathering]]
[2020.04.24-16.25.14:577][  0]LogConfig: Setting CVar [[r.DOF.Gather.RingCount:4                 ; medium number of samples when gathering]]
[2020.04.24-16.25.14:577][  0]LogConfig: Setting CVar [[r.DOF.Scatter.ForegroundCompositing:1    ; additive foreground scattering]]
[2020.04.24-16.25.14:577][  0]LogConfig: Setting CVar [[r.DOF.Scatter.BackgroundCompositing:2    ; additive background scattering]]
[2020.04.24-16.25.14:577][  0]LogConfig: Setting CVar [[r.DOF.Scatter.EnableBokehSettings:1      ; bokeh simulation when scattering]]
[2020.04.24-16.25.14:577][  0]LogConfig: Setting CVar [[r.DOF.Scatter.MaxSpriteRatio:0.1         ; only a maximum of 10% of scattered bokeh]]
[2020.04.24-16.25.14:577][  0]LogConfig: Setting CVar [[r.DOF.Recombine.Quality:1                ; cheap slight out of focus]]
[2020.04.24-16.25.14:577][  0]LogConfig: Setting CVar [[r.DOF.Recombine.EnableBokehSettings:0    ; no bokeh simulation on slight out of focus]]
[2020.04.24-16.25.14:577][  0]LogConfig: Setting CVar [[r.DOF.TemporalAAQuality:1                ; more stable temporal accumulation]]
[2020.04.24-16.25.14:577][  0]LogConfig: Setting CVar [[r.DOF.Kernel.MaxForegroundRadius:0.025]]
[2020.04.24-16.25.14:577][  0]LogConfig: Setting CVar [[r.DOF.Kernel.MaxBackgroundRadius:0.025]]
[2020.04.24-16.25.14:577][  0]LogConfig: Applying CVar settings from Section [TextureQuality@3] File [E:/Project/U51-TW_New/Saved/Config/Windows/Scalability.ini]
[2020.04.24-16.25.14:577][  0]LogConfig: Setting CVar [[r.Streaming.MipBias:0]]
[2020.04.24-16.25.14:577][  0]LogConfig: Setting CVar [[r.Streaming.AmortizeCPUToGPUCopy:0]]
[2020.04.24-16.25.14:577][  0]LogConfig: Setting CVar [[r.Streaming.MaxNumTexturesToStreamPerFrame:0]]
[2020.04.24-16.25.14:577][  0]LogConfig: Setting CVar [[r.Streaming.Boost:1]]
[2020.04.24-16.25.14:577][  0]LogConfig: Setting CVar [[r.MaxAnisotropy:8]]
[2020.04.24-16.25.14:577][  0]LogConfig: Setting CVar [[r.VT.MaxAnisotropy:8]]
[2020.04.24-16.25.14:577][  0]LogConfig: Setting CVar [[r.Streaming.LimitPoolSizeToVRAM:0]]
[2020.04.24-16.25.14:577][  0]LogConfig: Setting CVar [[r.Streaming.PoolSize:1000]]
[2020.04.24-16.25.14:577][  0]LogConfig: Setting CVar [[r.Streaming.MaxEffectiveScreenSize:0]]
[2020.04.24-16.25.14:577][  0]LogConfig: Applying CVar settings from Section [EffectsQuality@3] File [E:/Project/U51-TW_New/Saved/Config/Windows/Scalability.ini]
[2020.04.24-16.25.14:577][  0]LogConfig: Setting CVar [[r.TranslucencyLightingVolumeDim:64]]
[2020.04.24-16.25.14:577][  0]LogConfig: Setting CVar [[r.RefractionQuality:2]]
[2020.04.24-16.25.14:577][  0]LogConfig: Setting CVar [[r.SSR.Quality:3]]
[2020.04.24-16.25.14:577][  0]LogConfig: Setting CVar [[r.SSR.HalfResSceneColor:0]]
[2020.04.24-16.25.14:577][  0]LogConfig: Setting CVar [[r.SceneColorFormat:4]]
[2020.04.24-16.25.14:577][  0]LogConfig: Setting CVar [[r.DetailMode:2]]
[2020.04.24-16.25.14:577][  0]LogConfig: Setting CVar [[r.TranslucencyVolumeBlur:1]]
[2020.04.24-16.25.14:577][  0]LogConfig: Setting CVar [[r.MaterialQualityLevel:1 ; High quality]]
[2020.04.24-16.25.14:577][  0]LogConfig: Setting CVar [[r.SSS.Scale:1]]
[2020.04.24-16.25.14:577][  0]LogConfig: Setting CVar [[r.SSS.SampleSet:2]]
[2020.04.24-16.25.14:577][  0]LogConfig: Setting CVar [[r.SSS.Quality:1]]
[2020.04.24-16.25.14:577][  0]LogConfig: Setting CVar [[r.SSS.HalfRes:1]]
[2020.04.24-16.25.14:577][  0]LogConfig: Setting CVar [[r.SSGI.Quality:3]]
[2020.04.24-16.25.14:577][  0]LogConfig: Setting CVar [[r.EmitterSpawnRateScale:1.0]]
[2020.04.24-16.25.14:577][  0]LogConfig: Setting CVar [[r.ParticleLightQuality:2]]
[2020.04.24-16.25.14:577][  0]LogConfig: Setting CVar [[r.SkyAtmosphere.AerialPerspectiveLUT.FastApplyOnOpaque:1 ; Always have FastSkyLUT 1 in this case to avoid wrong sky]]
[2020.04.24-16.25.14:577][  0]LogConfig: Setting CVar [[r.SkyAtmosphere.AerialPerspectiveLUT.SampleCountPerSlice:1]]
[2020.04.24-16.25.14:577][  0]LogConfig: Setting CVar [[r.SkyAtmosphere.AerialPerspectiveLUT.DepthResolution:16.0]]
[2020.04.24-16.25.14:577][  0]LogConfig: Setting CVar [[r.SkyAtmosphere.FastSkyLUT:1]]
[2020.04.24-16.25.14:577][  0]LogConfig: Setting CVar [[r.SkyAtmosphere.FastSkyLUT.SampleCountMin:4.0]]
[2020.04.24-16.25.14:577][  0]LogConfig: Setting CVar [[r.SkyAtmosphere.FastSkyLUT.SampleCountMax:32.0]]
[2020.04.24-16.25.14:577][  0]LogConfig: Setting CVar [[r.SkyAtmosphere.SampleCountMin:4.0]]
[2020.04.24-16.25.14:577][  0]LogConfig: Setting CVar [[r.SkyAtmosphere.SampleCountMax:32.0]]
[2020.04.24-16.25.14:577][  0]LogConfig: Setting CVar [[r.SkyAtmosphere.TransmittanceLUT.UseSmallFormat:0]]
[2020.04.24-16.25.14:577][  0]LogConfig: Setting CVar [[r.SkyAtmosphere.TransmittanceLUT.SampleCount:10.0]]
[2020.04.24-16.25.14:577][  0]LogConfig: Setting CVar [[r.SkyAtmosphere.MultiScatteringLUT.SampleCount:15.0]]
[2020.04.24-16.25.14:578][  0]LogConfig: Applying CVar settings from Section [FoliageQuality@3] File [E:/Project/U51-TW_New/Saved/Config/Windows/Scalability.ini]
[2020.04.24-16.25.14:578][  0]LogConfig: Setting CVar [[foliage.DensityScale:1.0]]
[2020.04.24-16.25.14:578][  0]LogConfig: Setting CVar [[grass.DensityScale:1.0]]
[2020.04.24-16.25.14:578][  0]LogConfig: Applying CVar settings from Section [ShadingQuality@3] File [E:/Project/U51-TW_New/Saved/Config/Windows/Scalability.ini]
[2020.04.24-16.25.14:578][  0]LogConfig: Setting CVar [[r.HairStrands.SkyLighting.SampleCount:16]]
[2020.04.24-16.25.14:578][  0]LogConfig: Setting CVar [[r.HairStrands.SkyLighting.JitterIntegration:0]]
[2020.04.24-16.25.14:578][  0]LogConfig: Setting CVar [[r.HairStrands.SkyAO.SampleCount:16]]
[2020.04.24-16.25.14:578][  0]LogConfig: Applying CVar settings from Section [Startup] File [../../../Engine/Config/ConsoleVariables.ini]
[2020.04.24-16.25.14:584][  0]LogConfig: Setting CVar [[net.UseAdaptiveNetUpdateFrequency:0]]
[2020.04.24-16.25.14:584][  0]LogConfig: Setting CVar [[p.chaos.AllowCreatePhysxBodies:1]]
[2020.04.24-16.25.14:584][  0]LogConfig: Applying CVar settings from Section [ConsoleVariables] File [E:/Project/U51-TW_New/Saved/Config/Windows/Engine.ini]
[2020.04.24-16.25.14:584][  0]LogInit: Computer: TF-ADM-1-CM
[2020.04.24-16.25.14:584][  0]LogInit: User: carlosmora
[2020.04.24-16.25.14:584][  0]LogInit: CPU Page size=4096, Cores=2
[2020.04.24-16.25.14:584][  0]LogInit: High frequency timer resolution =2.533200 MHz
[2020.04.24-16.25.14:585][  0]LogMemory: Memory total: Physical=7.9GB (8GB approx)
[2020.04.24-16.25.14:585][  0]LogMemory: Platform Memory Stats for Windows
[2020.04.24-16.25.14:585][  0]LogMemory: Process Physical Memory: 104.91 MB used, 104.91 MB peak
[2020.04.24-16.25.14:585][  0]LogMemory: Process Virtual Memory: 99.80 MB used, 99.80 MB peak
[2020.04.24-16.25.14:585][  0]LogMemory: Physical Memory: 5351.41 MB used,  2732.86 MB free, 8084.27 MB total
[2020.04.24-16.25.14:585][  0]LogMemory: Virtual Memory: 999.11 MB used,  134216728.00 MB free, 134217728.00 MB total
[2020.04.24-16.25.14:611][  0]LogWindows: WindowsPlatformFeatures enabled
[2020.04.24-16.25.14:711][  0]LogInit: Using OS detected language (en-US).
[2020.04.24-16.25.14:711][  0]LogInit: Using OS detected locale (pt-PT).
[2020.04.24-16.25.14:712][  0]LogTextLocalizationManager: No specific localization for 'en-US' exists, so the 'en' localization will be used.
[2020.04.24-16.25.15:054][  0]LogInit: Setting process to per monitor DPI aware
[2020.04.24-16.25.15:165][  0]LogSlate: New Slate User Created.  User Index 0, Is Virtual User: 0
[2020.04.24-16.25.15:165][  0]LogSlate: Slate User Registered.  User Index 0, Is Virtual User: 0
[2020.04.24-16.25.18:913][  0]LogHMD: Failed to initialize OpenVR with code 110
[2020.04.24-16.25.18:913][  0]LogD3D11RHI: D3D11 min allowed feature level: 11_0
[2020.04.24-16.25.18:913][  0]LogD3D11RHI: D3D11 max allowed feature level: 11_0
[2020.04.24-16.25.18:913][  0]LogD3D11RHI: D3D11 adapters:
[2020.04.24-16.25.19:084][  0]LogD3D11RHI:    0. 'NVIDIA GeForce 840M' (Feature Level 11_0)
[2020.04.24-16.25.19:084][  0]LogD3D11RHI:       4065/0/4042 MB DedicatedVideo/DedicatedSystem/SharedSystem, Outputs:2, VendorId:0x10de
[2020.04.24-16.25.19:118][  0]LogD3D11RHI:    1. 'Intel(R) HD Graphics Family' (Feature Level 11_0)
[2020.04.24-16.25.19:118][  0]LogD3D11RHI:       112/0/2048 MB DedicatedVideo/DedicatedSystem/SharedSystem, Outputs:0, VendorId:0x8086
[2020.04.24-16.25.19:134][  0]LogD3D11RHI:    2. 'Microsoft Basic Render Driver' (Feature Level 11_0)
[2020.04.24-16.25.19:134][  0]LogD3D11RHI:       0/0/4042 MB DedicatedVideo/DedicatedSystem/SharedSystem, Outputs:0, VendorId:0x1414
[2020.04.24-16.25.19:134][  0]LogD3D11RHI: Chosen D3D11 Adapter: 0
[2020.04.24-16.25.19:141][  0]LogD3D11RHI: Creating new Direct3DDevice
[2020.04.24-16.25.19:141][  0]LogD3D11RHI:     GPU DeviceId: 0x1341 (for the marketing name, search the web for "GPU Device Id")
[2020.04.24-16.25.19:141][  0]LogWindows: EnumDisplayDevices:
[2020.04.24-16.25.19:141][  0]LogWindows:    0. 'Intel(R) HD Graphics Family' (P:1 D:1)
[2020.04.24-16.25.19:142][  0]LogWindows:    1. 'Intel(R) HD Graphics Family' (P:0 D:1)
[2020.04.24-16.25.19:142][  0]LogWindows:    2. 'Intel(R) HD Graphics Family' (P:0 D:0)
[2020.04.24-16.25.19:142][  0]LogWindows: DebugString: PrimaryIsNotTheChoosenAdapter PrimaryIsNotTheChoosenAdapter PrimaryIsNotTheChoosenAdapter FoundDriverCount:0 
[2020.04.24-16.25.19:142][  0]LogD3D11RHI:     Adapter Name: NVIDIA GeForce 840M
[2020.04.24-16.25.19:142][  0]LogD3D11RHI:   Driver Version: Unknown (internal:Unknown, unified:Unknown)
[2020.04.24-16.25.19:142][  0]LogD3D11RHI:      Driver Date: Unknown
[2020.04.24-16.25.19:142][  0]LogRHI: Texture pool is 2846 MB (70% of 4065 MB)
[2020.04.24-16.25.19:163][  0]LogD3D11RHI: RHI does not have support for 64 bit atomics
[2020.04.24-16.25.19:163][  0]LogD3D11RHI: Async texture creation enabled
[2020.04.24-16.25.19:176][  0]LogD3D11RHI: GPU Timing Frequency: 1000.000000 (Debug: 2 1)
[2020.04.24-16.25.20:645][  0]LogTargetPlatformManager: Display: Loaded TargetPlatform 'AllDesktop'
[2020.04.24-16.25.20:698][  0]LogTargetPlatformManager: Display: Loaded TargetPlatform 'Android'
[2020.04.24-16.25.20:698][  0]LogTargetPlatformManager: Display: Loaded TargetPlatform 'Android_ASTC'
[2020.04.24-16.25.20:698][  0]LogTargetPlatformManager: Display: Loaded TargetPlatform 'Android_ATC'
[2020.04.24-16.25.20:698][  0]LogTargetPlatformManager: Display: Loaded TargetPlatform 'Android_DXT'
[2020.04.24-16.25.20:698][  0]LogTargetPlatformManager: Display: Loaded TargetPlatform 'Android_ETC1'
[2020.04.24-16.25.20:698][  0]LogTargetPlatformManager: Display: Loaded TargetPlatform 'Android_ETC1a'
[2020.04.24-16.25.20:698][  0]LogTargetPlatformManager: Display: Loaded TargetPlatform 'Android_ETC2'
[2020.04.24-16.25.20:698][  0]LogTargetPlatformManager: Display: Loaded TargetPlatform 'Android_PVRTC'
[2020.04.24-16.25.20:698][  0]LogTargetPlatformManager: Display: Loaded TargetPlatform 'AndroidClient'
[2020.04.24-16.25.20:698][  0]LogTargetPlatformManager: Display: Loaded TargetPlatform 'Android_ASTCClient'
[2020.04.24-16.25.20:698][  0]LogTargetPlatformManager: Display: Loaded TargetPlatform 'Android_ATCClient'
[2020.04.24-16.25.20:698][  0]LogTargetPlatformManager: Display: Loaded TargetPlatform 'Android_DXTClient'
[2020.04.24-16.25.20:698][  0]LogTargetPlatformManager: Display: Loaded TargetPlatform 'Android_ETC1Client'
[2020.04.24-16.25.20:698][  0]LogTargetPlatformManager: Display: Loaded TargetPlatform 'Android_ETC1aClient'
[2020.04.24-16.25.20:698][  0]LogTargetPlatformManager: Display: Loaded TargetPlatform 'Android_ETC2Client'
[2020.04.24-16.25.20:698][  0]LogTargetPlatformManager: Display: Loaded TargetPlatform 'Android_PVRTCClient'
[2020.04.24-16.25.20:698][  0]LogTargetPlatformManager: Display: Loaded TargetPlatform 'Android_Multi'
[2020.04.24-16.25.20:698][  0]LogTargetPlatformManager: Display: Loaded TargetPlatform 'Android_MultiClient'
[2020.04.24-16.25.20:728][  0]LogTargetPlatformManager: Display: Loaded TargetPlatform 'IOSClient'
[2020.04.24-16.25.20:728][  0]LogTargetPlatformManager: Display: Loaded TargetPlatform 'IOS'
[2020.04.24-16.25.20:737][  0]LogTargetPlatformManager: Display: Loaded TargetPlatform 'LinuxNoEditor'
[2020.04.24-16.25.20:746][  0]LogTargetPlatformManager: Display: Loaded TargetPlatform 'LinuxClient'
[2020.04.24-16.25.20:757][  0]LogTargetPlatformManager: Display: Loaded TargetPlatform 'LinuxServer'
[2020.04.24-16.25.20:765][  0]LogTargetPlatformManager: Display: Loaded TargetPlatform 'LinuxAArch64NoEditor'
[2020.04.24-16.25.20:775][  0]LogTargetPlatformManager: Display: Loaded TargetPlatform 'LinuxAArch64Client'
[2020.04.24-16.25.20:785][  0]LogTargetPlatformManager: Display: Loaded TargetPlatform 'LinuxAArch64Server'
[2020.04.24-16.25.20:822][  0]LogTargetPlatformManager: Display: Loaded TargetPlatform 'Lumin'
[2020.04.24-16.25.20:822][  0]LogTargetPlatformManager: Display: Loaded TargetPlatform 'LuminClient'
[2020.04.24-16.25.20:846][  0]LogTargetPlatformManager: Display: Loaded TargetPlatform 'TVOSClient'
[2020.04.24-16.25.20:846][  0]LogTargetPlatformManager: Display: Loaded TargetPlatform 'TVOS'
[2020.04.24-16.25.20:864][  0]LogTargetPlatformManager: Display: Loaded TargetPlatform 'WindowsNoEditor'
[2020.04.24-16.25.20:878][  0]LogTargetPlatformManager: Display: Loaded TargetPlatform 'Windows'
[2020.04.24-16.25.20:890][  0]LogTargetPlatformManager: Display: Loaded TargetPlatform 'WindowsClient'
[2020.04.24-16.25.20:901][  0]LogTargetPlatformManager: Display: Loaded TargetPlatform 'WindowsServer'
[2020.04.24-16.25.20:901][  0]LogTargetPlatformManager: Display: Building Assets For Windows
[2020.04.24-16.25.20:906][  0]LogAudioDebug: Display: Lib vorbis DLL was dynamically loaded.
[2020.04.24-16.25.21:005][  0]LogShaderCompilers: Guid format shader working directory is 32 characters bigger than the processId version (../../../../../Project/U51-TW_New/Intermediate/Shaders/WorkingDirectory/11976/).
[2020.04.24-16.25.21:005][  0]LogShaderCompilers: Cleaned the shader compiler working directory 'C:/Users/carlos.mora.TECHFRAMECORP/AppData/Local/Temp/UnrealShaderWorkingDir/D4C6E253430F29109BD2FEBF137EE9E4/'.
[2020.04.24-16.25.21:006][  0]LogXGEController: Cleaning working directory: C:/Users/carlos.mora.TECHFRAMECORP/AppData/Local/Temp/UnrealXGEWorkingDir/
[2020.04.24-16.25.21:006][  0]LogXGEController: Cannot use XGE Controller as Incredibuild is not installed on this machine.
[2020.04.24-16.25.21:006][  0]LogShaderCompilers: Cannot use XGE Shader Compiler as Incredibuild is not installed on this machine.
[2020.04.24-16.25.21:006][  0]LogShaderCompilers: Display: Using Local Shader Compiler.
[2020.04.24-16.25.25:118][  0]LogDerivedDataCache: Display: Max Cache Size: 512 MB
[2020.04.24-16.25.26:636][  0]LogDerivedDataCache: Loaded boot cache 1.48s 78MB C:/Users/carlos.mora.TECHFRAMECORP/AppData/Local/UnrealEngine/4.24/DerivedDataCache/Boot.ddc.
[2020.04.24-16.25.26:636][  0]LogDerivedDataCache: Display: Loaded Boot cache: C:/Users/carlos.mora.TECHFRAMECORP/AppData/Local/UnrealEngine/4.24/DerivedDataCache/Boot.ddc
[2020.04.24-16.25.26:636][  0]LogDerivedDataCache: FDerivedDataBackendGraph:  Pak pak cache file ../../../../../Project/U51-TW_New/DerivedDataCache/DDC.ddp not found, will not use a pak cache.
[2020.04.24-16.25.26:636][  0]LogDerivedDataCache: Unable to find inner node Pak for hierarchical cache Hierarchy.
[2020.04.24-16.25.26:636][  0]LogDerivedDataCache: FDerivedDataBackendGraph:  CompressedPak pak cache file ../../../../../Project/U51-TW_New/DerivedDataCache/Compressed.ddp not found, will not use a pak cache.
[2020.04.24-16.25.26:636][  0]LogDerivedDataCache: Unable to find inner node CompressedPak for hierarchical cache Hierarchy.
[2020.04.24-16.25.26:653][  0]LogDerivedDataCache: Display: Pak cache opened for reading ../../../Engine/DerivedDataCache/Compressed.ddp.
[2020.04.24-16.25.26:653][  0]LogDerivedDataCache: FDerivedDataBackendGraph:  EnterprisePak pak cache file ../../../Enterprise/DerivedDataCache/Compressed.ddp not found, will not use a pak cache.
[2020.04.24-16.25.26:653][  0]LogDerivedDataCache: Unable to find inner node EnterprisePak for hierarchical cache Hierarchy.
[2020.04.24-16.25.26:655][  0]LogDerivedDataCache: Using Local data cache path C:/Users/carlos.mora.TECHFRAMECORP/AppData/Local/UnrealEngine/Common/DerivedDataCache: Writable
[2020.04.24-16.25.26:655][  0]LogDerivedDataCache: Shared data cache path not found in *engine.ini, will not use an Shared cache.
[2020.04.24-16.25.26:655][  0]LogDerivedDataCache: Unable to find inner node Shared for hierarchical cache Hierarchy.
[2020.04.24-16.25.26:687][  0]LogMaterial: Verifying Global Shaders for PCD3D_SM5
[2020.04.24-16.25.26:690][  0]LogSlate: Using FreeType 2.10.0
[2020.04.24-16.25.26:719][  0]LogSlate: SlateFontServices - WITH_FREETYPE: 1, WITH_HARFBUZZ: 1
[2020.04.24-16.25.27:159][  0]LogAssetRegistry: FAssetRegistry took 0.0050 seconds to start up
[2020.04.24-16.25.27:754][  0]LogInit: Selected Device Profile: [Windows]
[2020.04.24-16.25.28:365][  0]LogMeshReduction: Using QuadricMeshReduction for automatic static mesh reduction
[2020.04.24-16.25.28:365][  0]LogMeshReduction: Using SimplygonMeshReduction for automatic skeletal mesh reduction
[2020.04.24-16.25.28:365][  0]LogMeshReduction: Using ProxyLODMeshReduction for automatic mesh merging
[2020.04.24-16.25.28:365][  0]LogMeshReduction: No distributed automatic mesh merging module available
[2020.04.24-16.25.28:365][  0]LogMeshMerging: No distributed automatic mesh merging module available
[2020.04.24-16.25.28:444][  0]LogNetVersion: U51TW 1.0.0, NetCL: 10570792, EngineNetVer: 13, GameNetVer: 0 (Checksum: 3923213827)
[2020.04.24-16.25.28:537][  0]LogInput: Warning: Action Jump uses deprecated key MotionController_Left_Trigger.
[2020.04.24-16.25.28:537][  0]LogInput: Warning: Action ResetVR uses deprecated key MotionController_Left_Grip1.
[2020.04.24-16.25.28:537][  0]LogInput: Warning: Action Jump uses deprecated key MotionController_Right_Trigger.
[2020.04.24-16.25.28:537][  0]LogInput: Warning: Axis MoveForward uses deprecated key MotionController_Left_Thumbstick_Y.
[2020.04.24-16.25.28:537][  0]LogInput: Warning: Axis MoveRight uses deprecated key MotionController_Left_Thumbstick_X.
[2020.04.24-16.25.28:537][  0]LogInput: Warning: Axis TurnRate uses deprecated key MotionController_Right_Thumbstick_X.
[2020.04.24-16.25.35:014][  0]LogPackageLocalizationCache: Processed 10 localized package path(s) for 1 prioritized culture(s) in 0.106073 seconds
[2020.04.24-16.25.35:030][  0]LogUObjectArray: 46750 objects as part of root set at end of initial load.
[2020.04.24-16.25.35:030][  0]LogUObjectAllocator: 8137160 out of 0 bytes used by permanent object pool.
[2020.04.24-16.25.35:030][  0]LogUObjectArray: CloseDisregardForGC: 0/0 objects in disregard for GC pool
[2020.04.24-16.25.36:109][  0]LogTcpMessaging: Initializing TcpMessaging bridge
[2020.04.24-16.25.36:115][  0]LogUdpMessaging: Initializing bridge on interface 0.0.0.0:0 to multicast group 230.0.0.1:6666.
[2020.04.24-16.25.36:320][  0]SourceControl: Source control is disabled
[2020.04.24-16.25.36:320][  0]SourceControl: Source control is disabled
[2020.04.24-16.25.36:324][  0]SourceControl: Source control is disabled
[2020.04.24-16.25.36:326][  0]SourceControl: Source control is disabled
[2020.04.24-16.25.36:328][  0]SourceControl: Source control is disabled
[2020.04.24-16.25.36:742][  0]LogAndroidPermission: UAndroidPermissionCallbackProxy::GetInstance
[2020.04.24-16.25.36:764][  0]LogAudioCaptureCore: Display: No Audio Capture implementations found. Audio input will be silent.
[2020.04.24-16.25.36:764][  0]LogAudioCaptureCore: Display: No Audio Capture implementations found. Audio input will be silent.
[2020.04.24-16.25.36:932][  0]LogOcInput: OculusInput pre-init called
[2020.04.24-16.25.36:967][  0]LogWindows: Failed to load 'OVRPlugin.dll' (GetLastError=126)
[2020.04.24-16.25.36:968][  0]LogWindows: File 'OVRPlugin.dll' does not exist
[2020.04.24-16.25.37:123][  0]LogEngine: Initializing Engine...
[2020.04.24-16.25.37:125][  0]LogHMD: Failed to initialize OpenVR with code 110
[2020.04.24-16.25.37:126][  0]LogStats: UGameplayTagsManager::InitializeManager -  0.000 s
[2020.04.24-16.25.37:847][  0]LogInit: Initializing FReadOnlyCVARCache
[2020.04.24-16.25.37:866][  0]LogAIModule: Creating AISystem for world Untitled
[2020.04.24-16.25.37:900][  0]LogAudioMixer: Display: Audio Mixer Platform Settings:
[2020.04.24-16.25.37:900][  0]LogAudioMixer: Display: 	Sample Rate:						  48000
[2020.04.24-16.25.37:900][  0]LogAudioMixer: Display: 	Callback Buffer Frame Size Requested: 1024
[2020.04.24-16.25.37:900][  0]LogAudioMixer: Display: 	Callback Buffer Frame Size To Use:	  1024
[2020.04.24-16.25.37:900][  0]LogAudioMixer: Display: 	Number of buffers to queue:			  2
[2020.04.24-16.25.37:900][  0]LogAudioMixer: Display: 	Max Channels (voices):				  32
[2020.04.24-16.25.37:900][  0]LogAudioMixer: Display: 	Number of Async Source Workers:		  0
[2020.04.24-16.25.37:900][  0]LogAudio: Display: AudioDevice MaxSources: 32
[2020.04.24-16.25.37:901][  0]LogAudio: Display: Using built-in audio occlusion.
[2020.04.24-16.25.37:901][  0]LogAudioMixer: Display: Initializing audio mixer.
[2020.04.24-16.25.37:983][  0]LogAudioMixer: Display: Audio Device Output Speaker Info:
[2020.04.24-16.25.37:983][  0]LogAudioMixer: Display: Name: Speakers (Conexant SmartAudio HD)
[2020.04.24-16.25.37:983][  0]LogAudioMixer: Display: Is Default: Yes
[2020.04.24-16.25.37:983][  0]LogAudioMixer: Display: Sample Rate: 192000
[2020.04.24-16.25.37:983][  0]LogAudioMixer: Display: Channel Count Used: 2
[2020.04.24-16.25.37:983][  0]LogAudioMixer: Display: Device Channel Count: 2
[2020.04.24-16.25.37:983][  0]LogAudioMixer: Display: Channel Order:
[2020.04.24-16.25.37:983][  0]LogAudioMixer: Display: 0: FrontLeft
[2020.04.24-16.25.37:983][  0]LogAudioMixer: Display: 1: FrontRight
[2020.04.24-16.25.38:011][  0]LogAudioMixer: Display: Using Audio Device Speakers (Conexant SmartAudio HD)
[2020.04.24-16.25.38:020][  0]LogInit: FAudioDevice initialized.
[2020.04.24-16.25.38:020][  0]LogNetVersion: Set ProjectVersion to 1.0.0.0. Version Checksum will be recalculated on next use.
[2020.04.24-16.25.38:784][  0]LogDerivedDataCache: Saved boot cache 0.76s 78MB C:/Users/carlos.mora.TECHFRAMECORP/AppData/Local/UnrealEngine/4.24/DerivedDataCache/Boot.ddc.
[2020.04.24-16.25.38:790][  0]LogInit: Texture streaming: Enabled
[2020.04.24-16.25.38:805][  0]LogEngineSessionManager: EngineSessionManager initialized
[2020.04.24-16.25.38:806][  0]LogEditorSessionSummary: Verbose: Initializing EditorSessionSummaryWriter for editor session tracking
[2020.04.24-16.25.38:807][  0]LogEditorSessionSummary: EditorSessionSummaryWriter initialized
[2020.04.24-16.25.38:913][  0]LogInit: Transaction tracking system initialized
[2020.04.24-16.25.38:936][  0]BlueprintLog: New page: Editor Load
[2020.04.24-16.25.38:993][  0]LocalizationService: Localization service is disabled
[2020.04.24-16.25.39:548][  0]LogFileCache: Scanning file cache for directory 'E:/Project/U51-TW_New/Content/' took 0.02s
[2020.04.24-16.25.39:548][  0]LogCook: Display: Max memory allowance for cook 16384mb min free memory 0mb
[2020.04.24-16.25.39:548][  0]LogCook: Display: Mobile HDR setting 1
[2020.04.24-16.25.43:927][  0]SourceControl: Source control is disabled
[2020.04.24-16.25.43:927][  0]Cmd: MAP LOAD FILE="../../../../../Project/U51-TW_New/Content/Game/U51TW_StationMap.umap" TEMPLATE=0 SHOWPROGRESS=1 FEATURELEVEL=3
[2020.04.24-16.25.44:035][  0]LogSlate: Took 0.013890 seconds to synchronously load lazily loaded font '../../../Engine/Content/Slate/Fonts/Roboto-Regular.ttf' (155K)
[2020.04.24-16.25.54:157][  0]LogSlate: Window 'Message' being destroyed
[2020.04.24-16.25.54:157][  0]LogWindowsTextInputMethodSystem: Display: IME system now deactivated.
[2020.04.24-16.25.54:159][  0]LogWindowsTextInputMethodSystem: Display: IME system now deactivated.
[2020.04.24-16.25.54:165][  0]LightingResults: New page: Lighting Build
[2020.04.24-16.25.54:167][  0]LogWorld: UWorld::CleanupWorld for Untitled, bSessionEnded=true, bCleanupResources=true
[2020.04.24-16.25.54:167][  0]LogSlate: InvalidateAllWidgets triggered.  All widgets were invalidated
[2020.04.24-16.25.54:167][  0]MapCheck: New page: Map Check
[2020.04.24-16.25.54:167][  0]LightingResults: New page: Lighting Build
[2020.04.24-16.25.54:207][  0]LogUObjectHash: Compacting FUObjectHashTables data took   4.28ms
[2020.04.24-16.25.54:217][  0]LogAIModule: Creating AISystem for world Untitled
[2020.04.24-16.25.54:224][  0]LoadErrors: New page: New Map
[2020.04.24-16.25.54:415][  0]LogSlate: Updating window title bar state: overlay mode, drag disabled, window buttons hidden, title bar hidden
[2020.04.24-16.25.54:427][  0]LogSlate: Updating window title bar state: overlay mode, drag disabled, window buttons hidden, title bar hidden
[2020.04.24-16.25.54:440][  0]LogSlate: Updating window title bar state: overlay mode, drag disabled, window buttons hidden, title bar hidden
[2020.04.24-16.25.54:452][  0]LogSlate: Updating window title bar state: overlay mode, drag disabled, window buttons hidden, title bar hidden
[2020.04.24-16.25.54:466][  0]LogCollectionManager: Loaded 0 collections in 0.001292 seconds
[2020.04.24-16.25.54:490][  0]LogFileCache: Scanning file cache for directory 'E:/Project/U51-TW_New/Saved/Collections/' took 0.00s
[2020.04.24-16.25.54:490][  0]LogFileCache: Scanning file cache for directory 'E:/Project/U51-TW_New/Content/Developers/carlosmora/Collections/' took 0.00s
[2020.04.24-16.25.54:490][  0]LogFileCache: Scanning file cache for directory 'E:/Project/U51-TW_New/Content/Collections/' took 0.00s
[2020.04.24-16.25.54:490][  0]LogContentBrowser: Native class hierarchy populated in 0.0138 seconds. Added 3024 classes and 722 folders.
[2020.04.24-16.25.54:494][  0]LogContentBrowser: Native class hierarchy updated for 'WidgetCarousel' in 0.0003 seconds. Added 0 classes and 0 folders.
[2020.04.24-16.25.55:047][  0]LogContentBrowser: Native class hierarchy updated for 'AddContentDialog' in 0.0004 seconds. Added 0 classes and 0 folders.
[2020.04.24-16.25.55:052][  0]LogContentBrowser: Native class hierarchy updated for 'SceneOutliner' in 0.0003 seconds. Added 2 classes and 3 folders.
[2020.04.24-16.25.55:182][  0]LogSlate: Took 0.009606 seconds to synchronously load lazily loaded font '../../../Engine/Content/Slate/Fonts/Roboto-Bold.ttf' (160K)
[2020.04.24-16.25.55:205][  0]LogSlate: Took 0.014878 seconds to synchronously load lazily loaded font '../../../Engine/Content/Editor/Slate/Fonts/FontAwesome.ttf' (139K)
[2020.04.24-16.25.55:371][  0]LogRenderer: Reallocating scene render targets to support 956x368 Format 10 NumSamples 1 (Frame:1).
[2020.04.24-16.25.55:591][  0]LogContentBrowser: Native class hierarchy updated for 'HierarchicalLODOutliner' in 0.0004 seconds. Added 0 classes and 0 folders.
[2020.04.24-16.25.55:591][  0]LogLoad: (Engine Initialization) Total time: 46.33 seconds
[2020.04.24-16.25.55:591][  0]LogLoad: (Engine Initialization) Total Blueprint compile time: 0.00 seconds
[2020.04.24-16.25.55:660][  0]LogContentStreaming: Texture pool size now 1000 MB
[2020.04.24-16.25.55:786][  0]LogSlate: Took 0.025814 seconds to synchronously load lazily loaded font '../../../Engine/Content/Slate/Fonts/Roboto-Light.ttf' (167K)
[2020.04.24-16.25.57:151][ 72]LogAssetRegistry: Asset discovery search completed in 29.9925 seconds
[2020.04.24-16.25.57:163][ 72]LogCollectionManager: Fixed up redirectors for 0 collections in 0.000012 seconds (updated 0 objects)
[2020.04.24-16.26.28:678][634]LogSlate: Window 'Project Settings' being destroyed
[2020.04.24-16.26.28:683][634]LogSlate: Window 'Project Settings' being destroyed
[2020.04.24-16.26.30:451][734]LogSlate: Took 0.000248 seconds to synchronously load lazily loaded font '../../../Engine/Content/Slate/Fonts/Roboto-Light.ttf' (167K)
[2020.04.24-16.26.39:431][734]LogAIModule: Creating AISystem for world U51TW_Map
[2020.04.24-16.26.39:444][734]LogAssetEditorSubsystem: Opening Asset editor for World /Game/Game/U51TW_Map.U51TW_Map
[2020.04.24-16.26.39:482][734]LogUObjectHash: Compacting FUObjectHashTables data took   3.51ms
[2020.04.24-16.26.39:489][734]Cmd: MAP LOAD FILE="../../../../../Project/U51-TW_New/Content/Game/U51TW_Map.umap" TEMPLATE=0 SHOWPROGRESS=1 FEATURELEVEL=3
[2020.04.24-16.26.39:489][734]LightingResults: New page: Lighting Build
[2020.04.24-16.26.39:490][734]LoadErrors: New page: Loading map: U51TW_Map.umap
[2020.04.24-16.26.39:490][734]LogWorld: UWorld::CleanupWorld for Untitled, bSessionEnded=true, bCleanupResources=true
[2020.04.24-16.26.39:491][734]LogSlate: InvalidateAllWidgets triggered.  All widgets were invalidated
[2020.04.24-16.26.39:491][734]MapCheck: New page: Map Check
[2020.04.24-16.26.39:491][734]LightingResults: New page: Lighting Build
[2020.04.24-16.26.39:524][734]LogUObjectHash: Compacting FUObjectHashTables data took   2.26ms
[2020.04.24-16.26.39:737][734]LogEditorServer: Finished looking for orphan Actors (0.000 secs)
[2020.04.24-16.26.39:773][734]LogUObjectHash: Compacting FUObjectHashTables data took   3.42ms
[2020.04.24-16.26.39:815][734]Cmd: MAP CHECKDEP NOCLEARLOG
[2020.04.24-16.26.39:816][734]MapCheck: Map check complete: 0 Error(s), 0 Warning(s), took 0,129ms to complete.
[2020.04.24-16.26.39:816][734]LogFileHelpers: Loading map 'U51TW_Map' took 0.328
[2020.04.24-16.26.42:798][900]LogTemp: Repeating last play command: New Editor Window (PIE)
[2020.04.24-16.26.42:826][900]LogBlueprintUserMessages: Early PlayInEditor Detection: Level '/Game/Game/U51TW_Map.U51TW_Map:PersistentLevel' has LevelScriptBlueprint '/Game/Game/U51TW_Map.U51TW_Map:PersistentLevel.U51TW_Map' with GeneratedClass '/Game/Game/U51TW_Map.U51TW_Map_C' with ClassGeneratedBy '/Game/Game/U51TW_Map.U51TW_Map:PersistentLevel.U51TW_Map'
[2020.04.24-16.26.42:828][900]LogPlayLevel: PlayLevel: No blueprints needed recompiling
[2020.04.24-16.26.42:828][900]PIE: New page: PIE session: U51TW_Map (24/04/2020, 18:26:42)
[2020.04.24-16.26.42:830][900]LogOnline: OSS: Creating online subsystem instance for: NULL
[2020.04.24-16.26.42:831][900]LogOnline: OSS: TryLoadSubsystemAndSetDefault: Loaded subsystem for module [NULL]
[2020.04.24-16.26.42:832][900]LogPlayLevel: Creating play world package: /Game/Game/UEDPIE_1_U51TW_Map
[2020.04.24-16.26.42:862][900]LogPlayLevel: PIE: StaticDuplicateObject took: (0.029143s)
[2020.04.24-16.26.42:864][900]LogAIModule: Creating AISystem for world U51TW_Map
[2020.04.24-16.26.42:865][900]LogPlayLevel: PIE: World Init took: (0.002744s)
[2020.04.24-16.26.42:865][900]LogPlayLevel: PIE: Created PIE world by copying editor world from /Game/Game/U51TW_Map.U51TW_Map to /Game/Game/UEDPIE_1_U51TW_Map.U51TW_Map (0.032515s)
[2020.04.24-16.26.42:910][900]LogUObjectHash: Compacting FUObjectHashTables data took   2.52ms
[2020.04.24-16.26.42:912][900]LogAudioMixer: Display: Audio Mixer Platform Settings:
[2020.04.24-16.26.42:912][900]LogAudioMixer: Display: 	Sample Rate:						  48000
[2020.04.24-16.26.42:912][900]LogAudioMixer: Display: 	Callback Buffer Frame Size Requested: 1024
[2020.04.24-16.26.42:912][900]LogAudioMixer: Display: 	Callback Buffer Frame Size To Use:	  1024
[2020.04.24-16.26.42:913][900]LogAudioMixer: Display: 	Number of buffers to queue:			  2
[2020.04.24-16.26.42:913][900]LogAudioMixer: Display: 	Max Channels (voices):				  32
[2020.04.24-16.26.42:913][900]LogAudioMixer: Display: 	Number of Async Source Workers:		  0
[2020.04.24-16.26.42:913][900]LogAudio: Display: AudioDevice MaxSources: 32
[2020.04.24-16.26.42:913][900]LogAudio: Display: Using built-in audio occlusion.
[2020.04.24-16.26.42:913][900]LogAudioMixer: Display: Initializing audio mixer.
[2020.04.24-16.26.42:918][900]LogAudioMixer: Display: Audio Device Output Speaker Info:
[2020.04.24-16.26.42:918][900]LogAudioMixer: Display: Name: Speakers (Conexant SmartAudio HD)
[2020.04.24-16.26.42:918][900]LogAudioMixer: Display: Is Default: Yes
[2020.04.24-16.26.42:918][900]LogAudioMixer: Display: Sample Rate: 192000
[2020.04.24-16.26.42:918][900]LogAudioMixer: Display: Channel Count Used: 2
[2020.04.24-16.26.42:918][900]LogAudioMixer: Display: Device Channel Count: 2
[2020.04.24-16.26.42:918][900]LogAudioMixer: Display: Channel Order:
[2020.04.24-16.26.42:918][900]LogAudioMixer: Display: 0: FrontLeft
[2020.04.24-16.26.42:918][900]LogAudioMixer: Display: 1: FrontRight
[2020.04.24-16.26.42:934][900]LogAudioMixer: Display: Using Audio Device Speakers (Conexant SmartAudio HD)
[2020.04.24-16.26.42:936][900]LogInit: FAudioDevice initialized.
[2020.04.24-16.26.42:993][900]LogSlate: Updating window title bar state: overlay mode, drag disabled, window buttons hidden, title bar hidden
[2020.04.24-16.26.42:996][900]LogLoad: Game class is 'U51TW_GameMode_C'
[2020.04.24-16.26.43:003][900]LogWorld: Bringing World /Game/Game/UEDPIE_1_U51TW_Map.U51TW_Map up for play (max tick rate 60) at 2020.04.24-17.26.43
[2020.04.24-16.26.43:005][900]LogWorld: Bringing up level for play took: 0.002202
[2020.04.24-16.26.43:005][900]LogOnline: OSS: Creating online subsystem instance for: :Context_2
[2020.04.24-16.26.43:018][900]LogContentBrowser: Native class hierarchy updated for 'MovieSceneCapture' in 0.0004 seconds. Added 20 classes and 0 folders.
[2020.04.24-16.26.43:032][900]LogNet: ReplicationDriverClass is null! Not using ReplicationDriver.
[2020.04.24-16.26.43:032][900]LogNetCore: DDoS detection status: detection enabled: 0 analytics enabled: 0
[2020.04.24-16.26.43:035][900]LogInit: WinSock: I am TF-ADM-1-CM (192.168.1.100:0)
[2020.04.24-16.26.43:036][900]LogInit: WinSock: Socket queue. Rx: 131072 (config 131072) Tx: 131072 (config 131072)
[2020.04.24-16.26.43:036][900]PacketHandlerLog: Loaded PacketHandler component: Engine.EngineHandlerComponentFactory (StatelessConnectHandlerComponent)
[2020.04.24-16.26.43:037][900]LogNet: GameNetDriver IpNetDriver_0 IpNetDriver listening on port 17777
[2020.04.24-16.26.43:054][900]PIE: Play in editor start time for /Game/Game/UEDPIE_1_U51TW_Map 0,12
[2020.04.24-16.26.43:113][900]LogSlate: Updating window title bar state: overlay mode, drag disabled, window buttons hidden, title bar hidden
[2020.04.24-16.26.43:114][900]LogNet: Browse: 127.0.0.1:17777//Game/Game/U51TW_StationMap
[2020.04.24-16.26.43:116][900]LogInit: WinSock: Socket queue. Rx: 32768 (config 32768) Tx: 32768 (config 32768)
[2020.04.24-16.26.43:117][900]PacketHandlerLog: Loaded PacketHandler component: Engine.EngineHandlerComponentFactory (StatelessConnectHandlerComponent)
[2020.04.24-16.26.43:118][900]LogNet: Game client on port 17777, rate 10000
[2020.04.24-16.26.43:121][900]PIE: Play in editor start time for /Game/Game/U51TW_StationMap 0,187
[2020.04.24-16.26.43:130][900]LogBlueprintUserMessages: Late PlayInEditor Detection: Level '/Game/Game/U51TW_Map.U51TW_Map:PersistentLevel' has LevelScriptBlueprint '/Game/Game/U51TW_Map.U51TW_Map:PersistentLevel.U51TW_Map' with GeneratedClass '/Game/Game/U51TW_Map.U51TW_Map_C' with ClassGeneratedBy '/Game/Game/U51TW_Map.U51TW_Map:PersistentLevel.U51TW_Map'
[2020.04.24-16.26.43:132][900]LogNet: NotifyAcceptingConnection accepted from: 127.0.0.1:60689
[2020.04.24-16.26.43:133][900]LogHandshake: SendConnectChallenge. Timestamp: 0.016667, Cookie: 104021161076068010171062018049185203178171150026206154045026
[2020.04.24-16.26.43:149][900]LogHandshake: SendChallengeResponse. Timestamp: 0.016667, Cookie: 104021161076068010171062018049185203178171150026206154045026
[2020.04.24-16.26.43:311][901]LogRenderer: Reallocating scene render targets to support 1024x576 Format 10 NumSamples 1 (Frame:1).
[2020.04.24-16.26.43:312][901]LogNet: NotifyAcceptingConnection accepted from: 127.0.0.1:60689
[2020.04.24-16.26.43:312][901]LogHandshake: SendChallengeAck. InCookie: 104021161076068010171062018049185203178171150026206154045026
[2020.04.24-16.26.43:313][901]LogNet: Server accepting post-challenge connection from: 127.0.0.1:60689
[2020.04.24-16.26.43:313][901]PacketHandlerLog: Loaded PacketHandler component: Engine.EngineHandlerComponentFactory (StatelessConnectHandlerComponent)
[2020.04.24-16.26.43:313][901]LogNet: NotifyAcceptedConnection: Name: U51TW_Map, TimeStamp: 04/24/20 17:26:43, [UNetConnection] RemoteAddr: 127.0.0.1:60689, Name: IpConnection_1, Driver: GameNetDriver IpNetDriver_0, IsServer: YES, PC: NULL, Owner: NULL, UniqueId: INVALID
[2020.04.24-16.26.43:313][901]LogNet: AddClientConnection: Added client connection: [UNetConnection] RemoteAddr: 127.0.0.1:60689, Name: IpConnection_1, Driver: GameNetDriver IpNetDriver_0, IsServer: YES, PC: NULL, Owner: NULL, UniqueId: INVALID
[2020.04.24-16.26.43:317][901]LogNetVersion: U51TW 1.0.0.0, NetCL: 10570792, EngineNetVer: 13, GameNetVer: 0 (Checksum: 3217256530)
[2020.04.24-16.26.43:317][901]LogNet: UPendingNetGame::SendInitialJoin: Sending hello. [UNetConnection] RemoteAddr: 127.0.0.1:17777, Name: IpConnection_0, Driver: PendingNetDriver IpNetDriver_1, IsServer: NO, PC: NULL, Owner: NULL, UniqueId: INVALID
[2020.04.24-16.26.43:417][902]LogNet: NotifyAcceptingChannel Control 0 server World /Game/Game/UEDPIE_1_U51TW_Map.U51TW_Map: Accepted
[2020.04.24-16.26.43:417][902]LogNet: Remote platform little endian=1
[2020.04.24-16.26.43:417][902]LogNet: This platform little endian=1
[2020.04.24-16.26.43:419][902]LogOnline: OSS: Creating online subsystem instance for: :Context_3
[2020.04.24-16.26.43:435][903]LogNet: Login request: /Game/Game/U51TW_StationMap?Name=TF-ADM-1-CM-3C8A3E9E406E414A8E03708DCC102070 userId: NULL:TF-ADM-1-CM-3C8A3E9E406E414A8E03708DCC102070 platform: NULL
[2020.04.24-16.26.43:438][903]LogNet: Welcomed by server (Level: /Game/Game/UEDPIE_1_U51TW_Map, Game: /Game/Game/U51TW_GameMode.U51TW_GameMode_C)
[2020.04.24-16.26.43:438][903]LogLoad: LoadMap: 127.0.0.1:17777//Game/Game/UEDPIE_1_U51TW_Map?game=/Game/Game/U51TW_GameMode.U51TW_GameMode_C
[2020.04.24-16.26.43:438][903]LogWorld: BeginTearingDown for /Temp/Untitled_2
[2020.04.24-16.26.43:439][903]LogWorld: UWorld::CleanupWorld for Untitled, bSessionEnded=true, bCleanupResources=true
[2020.04.24-16.26.43:440][903]LogSlate: InvalidateAllWidgets triggered.  All widgets were invalidated
[2020.04.24-16.26.43:440][903]LogAudioMixer: Display: No commands were queued while flushing the source manager.
[2020.04.24-16.26.43:496][903]LogUObjectHash: Compacting FUObjectHashTables data took   2.68ms
[2020.04.24-16.26.43:524][903]LogAIModule: Creating AISystem for world U51TW_Map
[2020.04.24-16.26.43:533][903]LogWorld: Bringing World /Game/Game/UEDPIE_2_U51TW_Map.U51TW_Map up for play (max tick rate 60) at 2020.04.24-17.26.43
[2020.04.24-16.26.43:533][903]LogWorld: Bringing up level for play took: 0.007547
[2020.04.24-16.26.43:534][903]LogLoad: Took 0.096158 seconds to LoadMap(/Game/Game/UEDPIE_1_U51TW_Map)
[2020.04.24-16.26.43:562][904]LogNet: Client netspeed is 10000
[2020.04.24-16.26.43:562][904]LogNet: Join request: /Game/Game/U51TW_StationMap?Name=TF-ADM-1-CM-3C8A3E9E406E414A8E03708DCC102070?SplitscreenCount=1
[2020.04.24-16.26.43:564][904]LogOnlineSession: Warning: OSS: No game present to join for session (GameSession)
[2020.04.24-16.26.43:576][904]LogNet: Join succeeded: TF-ADM-1-CM-3C8A3E9E
[2020.04.24-16.26.43:622][905]LogRenderer: Reallocating scene render targets to support 1280x720 Format 10 NumSamples 1 (Frame:1).
[2020.04.24-16.26.44:103][913]LogOnlineSession: Warning: OSS: No game present to join for session (GameSession)
[2020.04.24-16.26.44:435][920]LogOnlineSession: Warning: OSS: No game present to join for session (GameSession)
[2020.04.24-16.26.45:590][945]LogSlate: Window 'U51TW Game Preview Server (64-bit/PCD3D_SM5)' being destroyed
[2020.04.24-16.26.45:614][945]LogOnlineSession: Warning: OSS: No game present to leave for session (GameSession)
[2020.04.24-16.26.45:615][945]LogBlueprintUserMessages: Early EndPlayMap Detection: Level '/Game/Game/U51TW_Map.U51TW_Map:PersistentLevel' has LevelScriptBlueprint '/Game/Game/U51TW_Map.U51TW_Map:PersistentLevel.U51TW_Map' with GeneratedClass '/Game/Game/U51TW_Map.U51TW_Map_C' with ClassGeneratedBy '/Game/Game/U51TW_Map.U51TW_Map:PersistentLevel.U51TW_Map'
[2020.04.24-16.26.45:615][945]LogSlate: Updating window title bar state: overlay mode, drag disabled, window buttons hidden, title bar hidden
[2020.04.24-16.26.45:616][945]LogWorld: BeginTearingDown for /Game/Game/UEDPIE_2_U51TW_Map
[2020.04.24-16.26.45:654][945]LogSlate: Window 'U51TW Game Preview Client 1 (64-bit/PCD3D_SM5)' being destroyed
[2020.04.24-16.26.45:663][945]LogAudioMixer: Display: No commands were queued while flushing the source manager.
[2020.04.24-16.26.45:663][945]LogWorld: UWorld::CleanupWorld for U51TW_Map, bSessionEnded=true, bCleanupResources=true
[2020.04.24-16.26.45:664][945]LogSlate: InvalidateAllWidgets triggered.  All widgets were invalidated
[2020.04.24-16.26.45:670][945]LogNet: World NetDriver shutdown IpNetDriver_1 [GameNetDriver]
[2020.04.24-16.26.45:670][945]LogNet: DestroyNamedNetDriver IpNetDriver_1 [GameNetDriver]
[2020.04.24-16.26.45:671][945]LogNet: UNetConnection::Close: [UNetConnection] RemoteAddr: 127.0.0.1:17777, Name: IpConnection_0, Driver: GameNetDriver IpNetDriver_1, IsServer: NO, PC: PlayerController_1, Owner: PlayerController_1, UniqueId: NULL:TF-ADM-1-CM-3C8A3E9E406E414A8E03708DCC102070, Channels: 14, Time: 2020.04.24-16.26.45
[2020.04.24-16.26.45:671][945]LogNet: UChannel::Close: Sending CloseBunch. ChIndex == 0. Name: [UChannel] ChIndex: 0, Closing: 0 [UNetConnection] RemoteAddr: 127.0.0.1:17777, Name: IpConnection_0, Driver: GameNetDriver IpNetDriver_1, IsServer: NO, PC: PlayerController_1, Owner: PlayerController_1, UniqueId: NULL:TF-ADM-1-CM-3C8A3E9E406E414A8E03708DCC102070
[2020.04.24-16.26.45:671][945]LogExit: GameNetDriver IpNetDriver_1 shut down
[2020.04.24-16.26.45:672][945]LogWorld: BeginTearingDown for /Game/Game/UEDPIE_1_U51TW_Map
[2020.04.24-16.26.45:673][945]LogAudioMixer: Display: No commands were queued while flushing the source manager.
[2020.04.24-16.26.45:673][945]LogWorld: UWorld::CleanupWorld for U51TW_Map, bSessionEnded=true, bCleanupResources=true
[2020.04.24-16.26.45:674][945]LogSlate: InvalidateAllWidgets triggered.  All widgets were invalidated
[2020.04.24-16.26.45:684][945]LogNet: World NetDriver shutdown IpNetDriver_0 [GameNetDriver]
[2020.04.24-16.26.45:684][945]LogNet: DestroyNamedNetDriver IpNetDriver_0 [GameNetDriver]
[2020.04.24-16.26.45:685][945]LogNet: UNetConnection::Cleanup: Closing open connection. [UNetConnection] RemoteAddr: 127.0.0.1:60689, Name: IpConnection_1, Driver: GameNetDriver IpNetDriver_0, IsServer: YES, PC: PlayerController_1, Owner: PlayerController_1, UniqueId: NULL:TF-ADM-1-CM-3C8A3E9E406E414A8E03708DCC102070
[2020.04.24-16.26.45:685][945]LogNet: UNetConnection::Close: [UNetConnection] RemoteAddr: 127.0.0.1:60689, Name: IpConnection_1, Driver: GameNetDriver IpNetDriver_0, IsServer: YES, PC: PlayerController_1, Owner: PlayerController_1, UniqueId: NULL:TF-ADM-1-CM-3C8A3E9E406E414A8E03708DCC102070, Channels: 14, Time: 2020.04.24-16.26.45
[2020.04.24-16.26.45:685][945]LogNet: UChannel::Close: Sending CloseBunch. ChIndex == 0. Name: [UChannel] ChIndex: 0, Closing: 0 [UNetConnection] RemoteAddr: 127.0.0.1:60689, Name: IpConnection_1, Driver: GameNetDriver IpNetDriver_0, IsServer: YES, PC: PlayerController_1, Owner: PlayerController_1, UniqueId: NULL:TF-ADM-1-CM-3C8A3E9E406E414A8E03708DCC102070
[2020.04.24-16.26.45:685][945]LogExit: GameNetDriver IpNetDriver_0 shut down
[2020.04.24-16.26.45:686][945]LogPlayLevel: Display: Shutting down PIE online subsystems
[2020.04.24-16.26.45:687][945]LogBlueprintUserMessages: Late EndPlayMap Detection: Level '/Game/Game/U51TW_Map.U51TW_Map:PersistentLevel' has LevelScriptBlueprint '/Game/Game/U51TW_Map.U51TW_Map:PersistentLevel.U51TW_Map' with GeneratedClass '/Game/Game/U51TW_Map.U51TW_Map_C' with ClassGeneratedBy '/Game/Game/U51TW_Map.U51TW_Map:PersistentLevel.U51TW_Map'
[2020.04.24-16.26.45:699][945]LogSlate: InvalidateAllWidgets triggered.  All widgets were invalidated
[2020.04.24-16.26.45:745][945]LogAudioMixer: Display: No commands were queued while flushing the source manager.
[2020.04.24-16.26.45:754][945]LogUObjectHash: Compacting FUObjectHashTables data took   2.96ms
[2020.04.24-16.26.45:820][946]LogPlayLevel: Display: Destroying online subsystem :Context_3
[2020.04.24-16.26.45:820][946]LogPlayLevel: Display: Destroying online subsystem :Context_2
[2020.04.24-16.30.09:351][352]LogSlate: Window 'Source Control Login' being destroyed
[2020.04.24-16.30.38:953][ 53]LogSlate: Window 'Pick Parent Class' being destroyed
[2020.04.24-16.31.06:085][794]Cmd: OBJ SAVEPACKAGE PACKAGE="/Game/Game/testeGit" FILE="../../../../../Project/U51-TW_New/Content/Game/testeGit.uasset" SILENT=true
[2020.04.24-16.31.06:154][794]LogSavePackage: Moving '../../../../../Project/U51-TW_New/Saved/testeGitB479A67A4795180A5808818B2B16FAB6.tmp' to '../../../../../Project/U51-TW_New/Content/Game/testeGit.uasset'
[2020.04.24-16.31.06:718][794]AssetCheck: New page: Asset Save: testeGit
[2020.04.24-16.31.06:718][794]LogContentValidation: Display: Validating Blueprint /Game/Game/testeGit.testeGit
[2020.04.24-16.31.12:950][951]SourceControl: fatal: E:/Epic Games/UE_4.24/Engine/Content: 'E:/Epic Games/UE_4.24/Engine/Content' is outside repository at 'E:/Project/U51-TW_New'
[2020.04.24-16.31.13:326][951]LogFileHelpers: Warning: FilenameToLongPackageName failed to convert '../../../Engine/Plugins/Marketplace/MSSQL/Content/Fonts/NotoSansMonoCJKjp-Bold.uasset'. Attempt result was '../../../Engine/Plugins/Marketplace/MSSQL/Content/Fonts/NotoSansMonoCJKjp-Bold', but the path contains illegal characters '.'
[2020.04.24-16.31.13:326][951]LogFileHelpers: Warning: FilenameToLongPackageName failed to convert '../../../Engine/Plugins/Marketplace/MSSQL/Content/Fonts/NotoSansMonoCJKjp-Bold_Font.uasset'. Attempt result was '../../../Engine/Plugins/Marketplace/MSSQL/Content/Fonts/NotoSansMonoCJKjp-Bold_Font', but the path contains illegal characters '.'
[2020.04.24-16.31.13:326][951]LogFileHelpers: Warning: FilenameToLongPackageName failed to convert '../../../Engine/Plugins/Marketplace/MSSQL/Content/Widgets/DataItem.uasset'. Attempt result was '../../../Engine/Plugins/Marketplace/MSSQL/Content/Widgets/DataItem', but the path contains illegal characters '.'
[2020.04.24-16.31.13:326][951]LogFileHelpers: Warning: FilenameToLongPackageName failed to convert '../../../Engine/Plugins/Marketplace/MSSQL/Content/Widgets/DBConnectionWidget.uasset'. Attempt result was '../../../Engine/Plugins/Marketplace/MSSQL/Content/Widgets/DBConnectionWidget', but the path contains illegal characters '.'
[2020.04.24-16.31.13:326][951]LogFileHelpers: Warning: FilenameToLongPackageName failed to convert '../../../Engine/Plugins/Marketplace/MSSQL/Content/Widgets/MSSQLImagesDemo.uasset'. Attempt result was '../../../Engine/Plugins/Marketplace/MSSQL/Content/Widgets/MSSQLImagesDemo', but the path contains illegal characters '.'
[2020.04.24-16.31.13:326][951]LogFileHelpers: Warning: FilenameToLongPackageName failed to convert '../../../Engine/Plugins/Marketplace/MSSQL/Content/Widgets/MSSQLQueryDemo.uasset'. Attempt result was '../../../Engine/Plugins/Marketplace/MSSQL/Content/Widgets/MSSQLQueryDemo', but the path contains illegal characters '.'
[2020.04.24-16.31.13:326][951]LogFileHelpers: Warning: FilenameToLongPackageName failed to convert '../../../Engine/Plugins/Marketplace/MSSQL/Content/Widgets/RowItem.uasset'. Attempt result was '../../../Engine/Plugins/Marketplace/MSSQL/Content/Widgets/RowItem', but the path contains illegal characters '.'
[2020.04.24-16.31.21:104][951]LogSlate: Window 'Submit Files' being destroyed
[2020.04.24-16.31.22:465][951]LogSourceControl: commit successful: [master a57aec4] teste
[2020.04.24-16.31.22:732][951]SourceControl: [master a57aec4] teste
[2020.04.24-16.31.22:732][951]SourceControl:  1 file changed, 0 insertions(+), 0 deletions(-)
[2020.04.24-16.31.22:732][951]SourceControl:  create mode 100644 Content/Game/testeGit.uasset
[2020.04.24-16.31.22:749][951]SourceControl: Commited [master a57aec4] teste.
